# JRE version: Java(TM) SE Runtime Environment (16.0.1+9) (build 16.0.1+9-24)
# Java VM: Java HotSpot(TM) 64-Bit Server VM (16.0.1+9-24, mixed mode, sharing, tiered, compressed oops, compressed class ptrs, g1 gc, windows-amd64)
GC Precious Log:
 CPUs: 4 total, 4 available
 Memory: 7115M
 Large Page Support: Disabled
 NUMA Support: Disabled
 Compressed Oops: Enabled (32-bit)
 Heap Region Size: 1M
 Heap Min Capacity: 8M
 Heap Initial Capacity: 112M
 Heap Max Capacity: 1780M
 Pre-touch: Disabled
 Parallel Workers: 4
 Concurrent Workers: 1
 Concurrent Refinement Workers: 4
 Periodic GC: Disabled
Heap:
 garbage-first heap   total 49152K, used 32356K [0x0000000090c00000, 0x0000000100000000)
  region size 1024K, 15 young (15360K), 3 survivors (3072K)
 Metaspace       used 47331K, committed 47680K, reserved 1097728K
  class space    used 6046K, committed 6208K, reserved 1048576K
GC Heap History (20 events):
Event: 2.556 GC heap before
{Heap before GC invocations=3 (full 0):
 garbage-first heap   total 114688K, used 54909K [0x0000000090c00000, 0x0000000100000000)
  region size 1024K, 51 young (52224K), 3 survivors (3072K)
 Metaspace       used 20972K, committed 21248K, reserved 1073152K
  class space    used 2643K, committed 2752K, reserved 1048576K
}
Event: 2.564 GC heap after
{Heap after GC invocations=4 (full 0):
 garbage-first heap   total 114688K, used 10261K [0x0000000090c00000, 0x0000000100000000)
  region size 1024K, 6 young (6144K), 6 survivors (6144K)
 Metaspace       used 20972K, committed 21248K, reserved 1073152K
  class space    used 2643K, committed 2752K, reserved 1048576K
}
Event: 3.169 GC heap before
{Heap before GC invocations=5 (full 0):
 garbage-first heap   total 40960K, used 28693K [0x0000000090c00000, 0x0000000100000000)
  region size 1024K, 24 young (24576K), 6 survivors (6144K)
 Metaspace       used 24508K, committed 24768K, reserved 1073152K
  class space    used 3146K, committed 3264K, reserved 1048576K
}
Event: 3.182 GC heap after
{Heap after GC invocations=6 (full 0):
 garbage-first heap   total 40960K, used 12402K [0x0000000090c00000, 0x0000000100000000)
  region size 1024K, 3 young (3072K), 3 survivors (3072K)
 Metaspace       used 24508K, committed 24768K, reserved 1073152K
  class space    used 3146K, committed 3264K, reserved 1048576K
}
Event: 3.648 GC heap before
{Heap before GC invocations=6 (full 0):
 garbage-first heap   total 40960K, used 26738K [0x0000000090c00000, 0x0000000100000000)
  region size 1024K, 18 young (18432K), 3 survivors (3072K)
 Metaspace       used 27781K, committed 28096K, reserved 1081344K
  class space    used 3539K, committed 3712K, reserved 1048576K
}
Event: 3.654 GC heap after
{Heap after GC invocations=7 (full 0):
 garbage-first heap   total 40960K, used 13516K [0x0000000090c00000, 0x0000000100000000)
  region size 1024K, 2 young (2048K), 2 survivors (2048K)
 Metaspace       used 27781K, committed 28096K, reserved 1081344K
  class space    used 3539K, committed 3712K, reserved 1048576K
}
Event: 4.039 GC heap before
{Heap before GC invocations=7 (full 0):
 garbage-first heap   total 40960K, used 28876K [0x0000000090c00000, 0x0000000100000000)
  region size 1024K, 17 young (17408K), 2 survivors (2048K)
 Metaspace       used 30347K, committed 30656K, reserved 1081344K
  class space    used 3875K, committed 4032K, reserved 1048576K
}
Event: 4.046 GC heap after
{Heap after GC invocations=8 (full 0):
 garbage-first heap   total 40960K, used 14360K [0x0000000090c00000, 0x0000000100000000)
  region size 1024K, 3 young (3072K), 3 survivors (3072K)
 Metaspace       used 30347K, committed 30656K, reserved 1081344K
  class space    used 3875K, committed 4032K, reserved 1048576K
}
Event: 4.363 GC heap before
{Heap before GC invocations=8 (full 0):
 garbage-first heap   total 40960K, used 29720K [0x0000000090c00000, 0x0000000100000000)
  region size 1024K, 18 young (18432K), 3 survivors (3072K)
 Metaspace       used 33925K, committed 34240K, reserved 1081344K
  class space    used 4347K, committed 4480K, reserved 1048576K
}
Event: 4.371 GC heap after
{Heap after GC invocations=9 (full 0):
 garbage-first heap   total 49152K, used 16422K [0x0000000090c00000, 0x0000000100000000)
  region size 1024K, 3 young (3072K), 3 survivors (3072K)
 Metaspace       used 33925K, committed 34240K, reserved 1081344K
  class space    used 4347K, committed 4480K, reserved 1048576K
}
Event: 4.445 GC heap before
{Heap before GC invocations=9 (full 0):
 garbage-first heap   total 49152K, used 20518K [0x0000000090c00000, 0x0000000100000000)
  region size 1024K, 8 young (8192K), 3 survivors (3072K)
 Metaspace       used 35242K, committed 35520K, reserved 1081344K
  class space    used 4509K, committed 4608K, reserved 1048576K
}
Event: 4.451 GC heap after
{Heap after GC invocations=10 (full 0):
 garbage-first heap   total 49152K, used 17142K [0x0000000090c00000, 0x0000000100000000)
  region size 1024K, 1 young (1024K), 1 survivors (1024K)
 Metaspace       used 35242K, committed 35520K, reserved 1081344K
  class space    used 4509K, committed 4608K, reserved 1048576K
}
Event: 4.734 GC heap before
{Heap before GC invocations=11 (full 0):
 garbage-first heap   total 49152K, used 34550K [0x0000000090c00000, 0x0000000100000000)
  region size 1024K, 18 young (18432K), 1 survivors (1024K)
 Metaspace       used 37740K, committed 38080K, reserved 1089536K
  class space    used 4855K, committed 4992K, reserved 1048576K
}
Event: 4.739 GC heap after
{Heap after GC invocations=12 (full 0):
 garbage-first heap   total 49152K, used 18236K [0x0000000090c00000, 0x0000000100000000)
  region size 1024K, 2 young (2048K), 2 survivors (2048K)
 Metaspace       used 37740K, committed 38080K, reserved 1089536K
  class space    used 4855K, committed 4992K, reserved 1048576K
}
Event: 5.087 GC heap before
{Heap before GC invocations=13 (full 0):
 garbage-first heap   total 49152K, used 35644K [0x0000000090c00000, 0x0000000100000000)
  region size 1024K, 19 young (19456K), 2 survivors (2048K)
 Metaspace       used 40324K, committed 40640K, reserved 1089536K
  class space    used 5180K, committed 5312K, reserved 1048576K
}
Event: 5.091 GC heap after
{Heap after GC invocations=14 (full 0):
 garbage-first heap   total 49152K, used 19374K [0x0000000090c00000, 0x0000000100000000)
  region size 1024K, 3 young (3072K), 3 survivors (3072K)
 Metaspace       used 40324K, committed 40640K, reserved 1089536K
  class space    used 5180K, committed 5312K, reserved 1048576K
}
Event: 5.893 GC heap before
{Heap before GC invocations=14 (full 0):
 garbage-first heap   total 49152K, used 35758K [0x0000000090c00000, 0x0000000100000000)
  region size 1024K, 20 young (20480K), 3 survivors (3072K)
 Metaspace       used 42865K, committed 43200K, reserved 1089536K
  class space    used 5498K, committed 5632K, reserved 1048576K
}
Event: 5.897 GC heap after
{Heap after GC invocations=15 (full 0):
 garbage-first heap   total 49152K, used 20304K [0x0000000090c00000, 0x0000000100000000)
  region size 1024K, 3 young (3072K), 3 survivors (3072K)
 Metaspace       used 42865K, committed 43200K, reserved 1089536K
  class space    used 5498K, committed 5632K, reserved 1048576K
}
Event: 6.262 GC heap before
{Heap before GC invocations=15 (full 0):
 garbage-first heap   total 49152K, used 35664K [0x0000000090c00000, 0x0000000100000000)
  region size 1024K, 19 young (19456K), 3 survivors (3072K)
 Metaspace       used 44832K, committed 45184K, reserved 1089536K
  class space    used 5778K, committed 5952K, reserved 1048576K
}
Event: 6.270 GC heap after
{Heap after GC invocations=16 (full 0):
 garbage-first heap   total 49152K, used 22116K [0x0000000090c00000, 0x0000000100000000)
  region size 1024K, 3 young (3072K), 3 survivors (3072K)
 Metaspace       used 44832K, committed 45184K, reserved 1089536K
  class space    used 5778K, committed 5952K, reserved 1048576K
}

