# JRE version: Java(TM) SE Runtime Environment (16.0.1+9) (build 16.0.1+9-24)
# Java VM: Java HotSpot(TM) 64-Bit Server VM (16.0.1+9-24, mixed mode, sharing, tiered, compressed oops, compressed class ptrs, g1 gc, windows-amd64)
GC Precious Log:
 CPUs: 4 total, 4 available
 Memory: 7115M
 Large Page Support: Disabled
 NUMA Support: Disabled
 Compressed Oops: Enabled (32-bit)
 Heap Region Size: 1M
 Heap Min Capacity: 8M
 Heap Initial Capacity: 112M
 Heap Max Capacity: 1780M
 Pre-touch: Disabled
 Parallel Workers: 4
 Concurrent Workers: 1
 Concurrent Refinement Workers: 4
 Periodic GC: Disabled
Heap:
 garbage-first heap   total 64512K, used 43440K [0x0000000090c00000, 0x0000000100000000)
  region size 1024K, 22 young (22528K), 4 survivors (4096K)
 Metaspace       used 45692K, committed 46016K, reserved 1089536K
  class space    used 5975K, committed 6144K, reserved 1048576K
GC Heap History (20 events):
Event: 0.790 GC heap before
{Heap before GC invocations=1 (full 0):
 garbage-first heap   total 114688K, used 13316K [0x0000000090c00000, 0x0000000100000000)
  region size 1024K, 10 young (10240K), 2 survivors (2048K)
 Metaspace       used 4811K, committed 4992K, reserved 1056768K
  class space    used 557K, committed 640K, reserved 1048576K
}
Event: 0.794 GC heap after
{Heap after GC invocations=2 (full 0):
 garbage-first heap   total 114688K, used 6693K [0x0000000090c00000, 0x0000000100000000)
  region size 1024K, 1 young (1024K), 1 survivors (1024K)
 Metaspace       used 4811K, committed 4992K, reserved 1056768K
  class space    used 557K, committed 640K, reserved 1048576K
}
Event: 1.668 GC heap before
{Heap before GC invocations=2 (full 0):
 garbage-first heap   total 114688K, used 30245K [0x0000000090c00000, 0x0000000100000000)
  region size 1024K, 24 young (24576K), 1 survivors (1024K)
 Metaspace       used 10820K, committed 10944K, reserved 1064960K
  class space    used 1338K, committed 1408K, reserved 1048576K
}
Event: 1.673 GC heap after
{Heap after GC invocations=3 (full 0):
 garbage-first heap   total 114688K, used 8149K [0x0000000090c00000, 0x0000000100000000)
  region size 1024K, 2 young (2048K), 2 survivors (2048K)
 Metaspace       used 10820K, committed 10944K, reserved 1064960K
  class space    used 1338K, committed 1408K, reserved 1048576K
}
Event: 3.132 GC heap before
{Heap before GC invocations=3 (full 0):
 garbage-first heap   total 114688K, used 61397K [0x0000000090c00000, 0x0000000100000000)
  region size 1024K, 56 young (57344K), 2 survivors (2048K)
 Metaspace       used 21069K, committed 21248K, reserved 1073152K
  class space    used 2682K, committed 2752K, reserved 1048576K
}
Event: 3.140 GC heap after
{Heap after GC invocations=4 (full 0):
 garbage-first heap   total 114688K, used 11745K [0x0000000090c00000, 0x0000000100000000)
  region size 1024K, 6 young (6144K), 6 survivors (6144K)
 Metaspace       used 21069K, committed 21248K, reserved 1073152K
  class space    used 2682K, committed 2752K, reserved 1048576K
}
Event: 4.270 GC heap before
{Heap before GC invocations=5 (full 0):
 garbage-first heap   total 45056K, used 43489K [0x0000000090c00000, 0x0000000100000000)
  region size 1024K, 38 young (38912K), 6 survivors (6144K)
 Metaspace       used 25273K, committed 25600K, reserved 1073152K
  class space    used 3290K, committed 3456K, reserved 1048576K
}
Event: 4.280 GC heap after
{Heap after GC invocations=6 (full 0):
 garbage-first heap   total 53248K, used 13710K [0x0000000090c00000, 0x0000000100000000)
  region size 1024K, 6 young (6144K), 6 survivors (6144K)
 Metaspace       used 25273K, committed 25600K, reserved 1073152K
  class space    used 3290K, committed 3456K, reserved 1048576K
}
Event: 4.868 GC heap before
{Heap before GC invocations=6 (full 0):
 garbage-first heap   total 53248K, used 36238K [0x0000000090c00000, 0x0000000100000000)
  region size 1024K, 28 young (28672K), 6 survivors (6144K)
 Metaspace       used 28722K, committed 29056K, reserved 1081344K
  class space    used 3770K, committed 3904K, reserved 1048576K
}
Event: 4.881 GC heap after
{Heap after GC invocations=7 (full 0):
 garbage-first heap   total 53248K, used 15297K [0x0000000090c00000, 0x0000000100000000)
  region size 1024K, 4 young (4096K), 4 survivors (4096K)
 Metaspace       used 28722K, committed 29056K, reserved 1081344K
  class space    used 3770K, committed 3904K, reserved 1048576K
}
Event: 5.673 GC heap before
{Heap before GC invocations=7 (full 0):
 garbage-first heap   total 53248K, used 36801K [0x0000000090c00000, 0x0000000100000000)
  region size 1024K, 26 young (26624K), 4 survivors (4096K)
 Metaspace       used 34190K, committed 34560K, reserved 1081344K
  class space    used 4490K, committed 4672K, reserved 1048576K
}
Event: 5.684 GC heap after
{Heap after GC invocations=8 (full 0):
 garbage-first heap   total 53248K, used 18432K [0x0000000090c00000, 0x0000000100000000)
  region size 1024K, 3 young (3072K), 3 survivors (3072K)
 Metaspace       used 34190K, committed 34560K, reserved 1081344K
  class space    used 4490K, committed 4672K, reserved 1048576K
}
Event: 5.791 GC heap before
{Heap before GC invocations=8 (full 0):
 garbage-first heap   total 53248K, used 21504K [0x0000000090c00000, 0x0000000100000000)
  region size 1024K, 8 young (8192K), 3 survivors (3072K)
 Metaspace       used 35200K, committed 35520K, reserved 1081344K
  class space    used 4602K, committed 4800K, reserved 1048576K
}
Event: 5.799 GC heap after
{Heap after GC invocations=9 (full 0):
 garbage-first heap   total 64512K, used 19456K [0x0000000090c00000, 0x0000000100000000)
  region size 1024K, 1 young (1024K), 1 survivors (1024K)
 Metaspace       used 35200K, committed 35520K, reserved 1081344K
  class space    used 4602K, committed 4800K, reserved 1048576K
}
Event: 6.596 GC heap before
{Heap before GC invocations=10 (full 0):
 garbage-first heap   total 64512K, used 46080K [0x0000000090c00000, 0x0000000100000000)
  region size 1024K, 28 young (28672K), 1 survivors (1024K)
 Metaspace       used 39375K, committed 39744K, reserved 1089536K
  class space    used 5122K, committed 5312K, reserved 1048576K
}
Event: 6.603 GC heap after
{Heap after GC invocations=11 (full 0):
 garbage-first heap   total 64512K, used 21268K [0x0000000090c00000, 0x0000000100000000)
  region size 1024K, 3 young (3072K), 3 survivors (3072K)
 Metaspace       used 39375K, committed 39744K, reserved 1089536K
  class space    used 5122K, committed 5312K, reserved 1048576K
}
Event: 8.154 GC heap before
{Heap before GC invocations=11 (full 0):
 garbage-first heap   total 64512K, used 47892K [0x0000000090c00000, 0x0000000100000000)
  region size 1024K, 29 young (29696K), 3 survivors (3072K)
 Metaspace       used 42675K, committed 43008K, reserved 1089536K
  class space    used 5531K, committed 5696K, reserved 1048576K
}
Event: 8.162 GC heap after
{Heap after GC invocations=12 (full 0):
 garbage-first heap   total 64512K, used 23207K [0x0000000090c00000, 0x0000000100000000)
  region size 1024K, 2 young (2048K), 2 survivors (2048K)
 Metaspace       used 42675K, committed 43008K, reserved 1089536K
  class space    used 5531K, committed 5696K, reserved 1048576K
}
Event: 8.990 GC heap before
{Heap before GC invocations=12 (full 0):
 garbage-first heap   total 64512K, used 48807K [0x0000000090c00000, 0x0000000100000000)
  region size 1024K, 27 young (27648K), 2 survivors (2048K)
 Metaspace       used 44014K, committed 44352K, reserved 1089536K
  class space    used 5718K, committed 5888K, reserved 1048576K
}
Event: 8.999 GC heap after
{Heap after GC invocations=13 (full 0):
 garbage-first heap   total 64512K, used 26032K [0x0000000090c00000, 0x0000000100000000)
  region size 1024K, 4 young (4096K), 4 survivors (4096K)
 Metaspace       used 44014K, committed 44352K, reserved 1089536K
  class space    used 5718K, committed 5888K, reserved 1048576K
}

