# JRE version: Java(TM) SE Runtime Environment (16.0.1+9) (build 16.0.1+9-24)
# Java VM: Java HotSpot(TM) 64-Bit Server VM (16.0.1+9-24, mixed mode, sharing, tiered, compressed oops, compressed class ptrs, g1 gc, windows-amd64)
GC Precious Log:
 CPUs: 4 total, 4 available
 Memory: 7115M
 Large Page Support: Disabled
 NUMA Support: Disabled
 Compressed Oops: Enabled (32-bit)
 Heap Region Size: 1M
 Heap Min Capacity: 8M
 Heap Initial Capacity: 112M
 Heap Max Capacity: 1780M
 Pre-touch: Disabled
 Parallel Workers: 4
 Concurrent Workers: 1
 Concurrent Refinement Workers: 4
 Periodic GC: Disabled
Heap:
 garbage-first heap   total 114688K, used 57600K [0x0000000090c00000, 0x0000000100000000)
  region size 1024K, 43 young (44032K), 3 survivors (3072K)
 Metaspace       used 18777K, committed 19008K, reserved 1073152K
  class space    used 1942K, committed 2048K, reserved 1048576K
GC Heap History (16 events):
Event: 0.957 GC heap before
{Heap before GC invocations=0 (full 0):
 garbage-first heap   total 114688K, used 13312K [0x0000000090c00000, 0x0000000100000000)
  region size 1024K, 13 young (13312K), 0 survivors (0K)
 Metaspace       used 3794K, committed 3968K, reserved 1056768K
  class space    used 361K, committed 448K, reserved 1048576K
}
Event: 0.963 GC heap after
{Heap after GC invocations=1 (full 0):
 garbage-first heap   total 114688K, used 3532K [0x0000000090c00000, 0x0000000100000000)
  region size 1024K, 2 young (2048K), 2 survivors (2048K)
 Metaspace       used 3794K, committed 3968K, reserved 1056768K
  class space    used 361K, committed 448K, reserved 1048576K
}
Event: 1.295 GC heap before
{Heap before GC invocations=1 (full 0):
 garbage-first heap   total 114688K, used 15820K [0x0000000090c00000, 0x0000000100000000)
  region size 1024K, 14 young (14336K), 2 survivors (2048K)
 Metaspace       used 5947K, committed 6080K, reserved 1056768K
  class space    used 655K, committed 704K, reserved 1048576K
}
Event: 1.299 GC heap after
{Heap after GC invocations=2 (full 0):
 garbage-first heap   total 114688K, used 4393K [0x0000000090c00000, 0x0000000100000000)
  region size 1024K, 1 young (1024K), 1 survivors (1024K)
 Metaspace       used 5947K, committed 6080K, reserved 1056768K
  class space    used 655K, committed 704K, reserved 1048576K
}
Event: 1.884 GC heap before
{Heap before GC invocations=2 (full 0):
 garbage-first heap   total 114688K, used 34089K [0x0000000090c00000, 0x0000000100000000)
  region size 1024K, 30 young (30720K), 1 survivors (1024K)
 Metaspace       used 9875K, committed 10112K, reserved 1064960K
  class space    used 1150K, committed 1280K, reserved 1048576K
}
Event: 1.890 GC heap after
{Heap after GC invocations=3 (full 0):
 garbage-first heap   total 114688K, used 5689K [0x0000000090c00000, 0x0000000100000000)
  region size 1024K, 3 young (3072K), 3 survivors (3072K)
 Metaspace       used 9875K, committed 10112K, reserved 1064960K
  class space    used 1150K, committed 1280K, reserved 1048576K
}
Event: 4.095 GC heap before
{Heap before GC invocations=3 (full 0):
 garbage-first heap   total 114688K, used 71225K [0x0000000090c00000, 0x0000000100000000)
  region size 1024K, 67 young (68608K), 3 survivors (3072K)
 Metaspace       used 13855K, committed 14016K, reserved 1064960K
  class space    used 1513K, committed 1600K, reserved 1048576K
}
Event: 4.112 GC heap after
{Heap after GC invocations=4 (full 0):
 garbage-first heap   total 114688K, used 11532K [0x0000000090c00000, 0x0000000100000000)
  region size 1024K, 8 young (8192K), 8 survivors (8192K)
 Metaspace       used 13855K, committed 14016K, reserved 1064960K
  class space    used 1513K, committed 1600K, reserved 1048576K
}
Event: 15.521 GC heap before
{Heap before GC invocations=4 (full 0):
 garbage-first heap   total 114688K, used 71948K [0x0000000090c00000, 0x0000000100000000)
  region size 1024K, 67 young (68608K), 8 survivors (8192K)
 Metaspace       used 15215K, committed 15424K, reserved 1064960K
  class space    used 1639K, committed 1728K, reserved 1048576K
}
Event: 15.537 GC heap after
{Heap after GC invocations=5 (full 0):
 garbage-first heap   total 114688K, used 14956K [0x0000000090c00000, 0x0000000100000000)
  region size 1024K, 4 young (4096K), 4 survivors (4096K)
 Metaspace       used 15215K, committed 15424K, reserved 1064960K
  class space    used 1639K, committed 1728K, reserved 1048576K
}
Event: 16.055 GC heap before
{Heap before GC invocations=5 (full 0):
 garbage-first heap   total 114688K, used 69228K [0x0000000090c00000, 0x0000000100000000)
  region size 1024K, 26 young (26624K), 4 survivors (4096K)
 Metaspace       used 16006K, committed 16192K, reserved 1064960K
  class space    used 1703K, committed 1792K, reserved 1048576K
}
Event: 16.060 GC heap after
{Heap after GC invocations=6 (full 0):
 garbage-first heap   total 114688K, used 48748K [0x0000000090c00000, 0x0000000100000000)
  region size 1024K, 5 young (5120K), 5 survivors (5120K)
 Metaspace       used 16006K, committed 16192K, reserved 1064960K
  class space    used 1703K, committed 1792K, reserved 1048576K
}
Event: 16.065 GC heap before
{Heap before GC invocations=6 (full 0):
 garbage-first heap   total 114688K, used 56940K [0x0000000090c00000, 0x0000000100000000)
  region size 1024K, 6 young (6144K), 5 survivors (5120K)
 Metaspace       used 16028K, committed 16192K, reserved 1064960K
  class space    used 1705K, committed 1792K, reserved 1048576K
}
Event: 16.070 GC heap after
{Heap after GC invocations=7 (full 0):
 garbage-first heap   total 114688K, used 48851K [0x0000000090c00000, 0x0000000100000000)
  region size 1024K, 2 young (2048K), 2 survivors (2048K)
 Metaspace       used 16028K, committed 16192K, reserved 1064960K
  class space    used 1705K, committed 1792K, reserved 1048576K
}
Event: 17.050 GC heap before
{Heap before GC invocations=7 (full 0):
 garbage-first heap   total 114688K, used 101075K [0x0000000090c00000, 0x0000000100000000)
  region size 1024K, 45 young (46080K), 2 survivors (2048K)
 Metaspace       used 16782K, committed 17088K, reserved 1064960K
  class space    used 1746K, committed 1856K, reserved 1048576K
}
Event: 17.055 GC heap after
{Heap after GC invocations=8 (full 0):
 garbage-first heap   total 114688K, used 17664K [0x0000000090c00000, 0x0000000100000000)
  region size 1024K, 3 young (3072K), 3 survivors (3072K)
 Metaspace       used 16782K, committed 17088K, reserved 1064960K
  class space    used 1746K, committed 1856K, reserved 1048576K
}

